# JRE version: OpenJDK Runtime Environment Zulu16.28+11-CA (16.0+36) (build 16+36)
# Java VM: OpenJDK 64-Bit Server VM Zulu16.28+11-CA (16+36, mixed mode, tiered, compressed oops, g1 gc, bsd-aarch64)
GC Precious Log:
 CPUs: 8 total, 8 available
 Memory: 16384M
 Large Page Support: Disabled
 NUMA Support: Disabled
 Compressed Oops: Enabled (Zero based)
 Heap Region Size: 1M
 Heap Min Capacity: 64M
 Heap Initial Capacity: 64M
 Heap Max Capacity: 64M
 Pre-touch: Disabled
 Parallel Workers: 8
 Concurrent Workers: 2
 Concurrent Refinement Workers: 8
 Periodic GC: Disabled
Heap:
 garbage-first heap   total 65536K, used 22480K [0x00000007bc000000, 0x00000007c0000000)
  region size 1024K, 15 young (15360K), 1 survivors (1024K)
 Metaspace       used 18702K, committed 18944K, reserved 1073152K
  class space    used 1917K, committed 2048K, reserved 1048576K
GC Heap History (14 events):
Event: 2.267 GC heap before
{Heap before GC invocations=0 (full 0):
 garbage-first heap   total 65536K, used 22528K [0x00000007bc000000, 0x00000007c0000000)
  region size 1024K, 23 young (23552K), 0 survivors (0K)
 Metaspace       used 16052K, committed 16320K, reserved 1064960K
  class space    used 1564K, committed 1728K, reserved 1048576K
}
Event: 2.275 GC heap after
{Heap after GC invocations=1 (full 0):
 garbage-first heap   total 65536K, used 3976K [0x00000007bc000000, 0x00000007c0000000)
  region size 1024K, 3 young (3072K), 3 survivors (3072K)
 Metaspace       used 16052K, committed 16320K, reserved 1064960K
  class space    used 1564K, committed 1728K, reserved 1048576K
}
Event: 18.338 GC heap before
{Heap before GC invocations=1 (full 0):
 garbage-first heap   total 65536K, used 32648K [0x00000007bc000000, 0x00000007c0000000)
  region size 1024K, 29 young (29696K), 3 survivors (3072K)
 Metaspace       used 16106K, committed 16384K, reserved 1064960K
  class space    used 1569K, committed 1728K, reserved 1048576K
}
Event: 18.340 GC heap after
{Heap after GC invocations=2 (full 0):
 garbage-first heap   total 65536K, used 6557K [0x00000007bc000000, 0x00000007c0000000)
  region size 1024K, 1 young (1024K), 1 survivors (1024K)
 Metaspace       used 16106K, committed 16384K, reserved 1064960K
  class space    used 1569K, committed 1728K, reserved 1048576K
}
Event: 18.599 GC heap before
{Heap before GC invocations=2 (full 0):
 garbage-first heap   total 65536K, used 44445K [0x00000007bc000000, 0x00000007c0000000)
  region size 1024K, 38 young (38912K), 1 survivors (1024K)
 Metaspace       used 16151K, committed 16384K, reserved 1064960K
  class space    used 1569K, committed 1728K, reserved 1048576K
}
Event: 18.599 GC heap after
{Heap after GC invocations=3 (full 0):
 garbage-first heap   total 65536K, used 6326K [0x00000007bc000000, 0x00000007c0000000)
  region size 1024K, 1 young (1024K), 1 survivors (1024K)
 Metaspace       used 16151K, committed 16384K, reserved 1064960K
  class space    used 1569K, committed 1728K, reserved 1048576K
}
Event: 18.781 GC heap before
{Heap before GC invocations=3 (full 0):
 garbage-first heap   total 65536K, used 44214K [0x00000007bc000000, 0x00000007c0000000)
  region size 1024K, 38 young (38912K), 1 survivors (1024K)
 Metaspace       used 16151K, committed 16384K, reserved 1064960K
  class space    used 1569K, committed 1728K, reserved 1048576K
}
Event: 18.782 GC heap after
{Heap after GC invocations=4 (full 0):
 garbage-first heap   total 65536K, used 6233K [0x00000007bc000000, 0x00000007c0000000)
  region size 1024K, 1 young (1024K), 1 survivors (1024K)
 Metaspace       used 16151K, committed 16384K, reserved 1064960K
  class space    used 1569K, committed 1728K, reserved 1048576K
}
Event: 18.999 GC heap before
{Heap before GC invocations=4 (full 0):
 garbage-first heap   total 65536K, used 44121K [0x00000007bc000000, 0x00000007c0000000)
  region size 1024K, 38 young (38912K), 1 survivors (1024K)
 Metaspace       used 16151K, committed 16384K, reserved 1064960K
  class space    used 1569K, committed 1728K, reserved 1048576K
}
Event: 18.999 GC heap after
{Heap after GC invocations=5 (full 0):
 garbage-first heap   total 65536K, used 6210K [0x00000007bc000000, 0x00000007c0000000)
  region size 1024K, 1 young (1024K), 1 survivors (1024K)
 Metaspace       used 16151K, committed 16384K, reserved 1064960K
  class space    used 1569K, committed 1728K, reserved 1048576K
}
Event: 19.199 GC heap before
{Heap before GC invocations=5 (full 0):
 garbage-first heap   total 65536K, used 44098K [0x00000007bc000000, 0x00000007c0000000)
  region size 1024K, 38 young (38912K), 1 survivors (1024K)
 Metaspace       used 16151K, committed 16384K, reserved 1064960K
  class space    used 1569K, committed 1728K, reserved 1048576K
}
Event: 19.199 GC heap after
{Heap after GC invocations=6 (full 0):
 garbage-first heap   total 65536K, used 6212K [0x00000007bc000000, 0x00000007c0000000)
  region size 1024K, 1 young (1024K), 1 survivors (1024K)
 Metaspace       used 16151K, committed 16384K, reserved 1064960K
  class space    used 1569K, committed 1728K, reserved 1048576K
}
Event: 19.610 GC heap before
{Heap before GC invocations=6 (full 0):
 garbage-first heap   total 65536K, used 44100K [0x00000007bc000000, 0x00000007c0000000)
  region size 1024K, 38 young (38912K), 1 survivors (1024K)
 Metaspace       used 16564K, committed 16832K, reserved 1064960K
  class space    used 1607K, committed 1728K, reserved 1048576K
}
Event: 19.610 GC heap after
{Heap after GC invocations=7 (full 0):
 garbage-first heap   total 65536K, used 4048K [0x00000007bc000000, 0x00000007c0000000)
  region size 1024K, 1 young (1024K), 1 survivors (1024K)
 Metaspace       used 16564K, committed 16832K, reserved 1064960K
  class space    used 1607K, committed 1728K, reserved 1048576K
}

